2026-07-05 16:30:13,502 - AGN 启动 | train_mode=debug | model=CADD_DCCNN | feature=de_comp_4ch_1p5s | save_path=../backend/seed/20260705_163013
2026-07-05 16:30:13,510 - brainda加载SEED完成: {'loader': 'brainda_seed_feature_tensor_loader', 'brainda_available': True, 'brainda_message': 'metabci.brainda available', 'dataset': 'SEED', 'feature_type': 'de_comp_4ch_1p5s', 'data_file': 'seed/de_comp_4ch_1p5s/data.pt', 'label_file': 'seed/de_comp_4ch_1p5s/label.pt', 'data_shape': [15, 3, 15, 4, 176, 5], 'label_shape': [15, 3, 15], 'note': 'SEED has been preprocessed into 4-channel 1.5s DE tensors; brainda wraps the dataset loading boundary.'}
2026-07-05 16:30:14,184 - brainda LOSO划分完成: {'splitter': 'EnhancedLeaveOneGroupOut', 'brainda_api': 'metabci.brainda.algorithms.utils.model_selection.EnhancedLeaveOneGroupOut', 'strategy': 'LOSO', 'brainda_available': True, 'brainda_message': 'metabci.brainda imported', 'subject_count': 15, 'held_out_subject': 0, 'train_subjects': [1, 2, 3, 4, 5, 6, 7, 8, 9, 10, 11, 12, 13, 14], 'test_subjects': [0], 'note': 'LOSO subject indices are generated through brainda cross-validation API when available.'}
2026-07-05 16:30:14,264 - features length: 176, channels nums: 4
2026-07-05 16:30:14,988 - ===== 训练开始 | model=CADD_DCCNN | feature=de_comp_4ch_1p5s | split=loso | epochs=40 | device=cuda:0 | save_path=../backend/seed/20260705_163013 =====
2026-07-05 16:30:14,988 - 训练超参详情: Namespace(epochs=40, batch_size=8, nclass=3, gpu=0, device='cuda:0', dropout=0.5, lr=0.0005, k=10, seed=3364, train_mode='debug', model='CADD_DCCNN', save_tsne_cm=1, save_model=1, save_path='../backend/seed/20260705_163013', have_domain=False, bands=5, dataset='seed', feature_type='de_comp_4ch_1p5s', label_type='label', channels_num=4, feature_len=176, raw_len=300, session=0, loss2=0.0001, loss1=5e-06, split_method='loso', cur_sub_index=0, cur_session_index=0, cur_exp_index=0, clip_length=1, k_fold_nums=10, graph_out=128, attention_out=256, spp=True, num_levels=3, kadj=3, se_squeeze_ratio=4, graph_readout_dim=256, domain_class=15, adj_num=5, windows_num=12, tcn_hidden=30, tcn_layers=3, pooling_size=1, grl_alpha=1.0, rsr=1, k_ratio=6, loss_beta=1.0, eegmatch_use_std=0, eegmatch_hidden_1=128, eegmatch_hidden_2=256, config_path='global.config')
2026-07-05 16:30:15,721 - Validation Results [CADD_DCCNN] - Epoch: 0 acc: 0.3500 loss: 1.5684
2026-07-05 16:30:16,064 - Validation Results [CADD_DCCNN] - Epoch: 1 acc: 0.3750 loss: 1.3129
2026-07-05 16:30:16,433 - Validation Results [CADD_DCCNN] - Epoch: 2 acc: 0.4500 loss: 1.2387
2026-07-05 16:30:16,760 - Validation Results [CADD_DCCNN] - Epoch: 3 acc: 0.6000 loss: 1.1138
2026-07-05 16:30:17,324 - Validation Results [CADD_DCCNN] - Epoch: 4 acc: 0.6250 loss: 1.0924
2026-07-05 16:30:17,929 - Validation Results [CADD_DCCNN] - Epoch: 5 acc: 0.6750 loss: 1.0257
2026-07-05 16:30:18,444 - Validation Results [CADD_DCCNN] - Epoch: 6 acc: 0.6250 loss: 1.0965
2026-07-05 16:30:18,965 - Validation Results [CADD_DCCNN] - Epoch: 7 acc: 0.7250 loss: 1.0184
2026-07-05 16:30:19,512 - Validation Results [CADD_DCCNN] - Epoch: 8 acc: 0.6750 loss: 1.0505
2026-07-05 16:30:20,089 - Validation Results [CADD_DCCNN] - Epoch: 9 acc: 0.6500 loss: 1.0642
2026-07-05 16:30:20,729 - Validation Results [CADD_DCCNN] - Epoch: 10 acc: 0.6750 loss: 1.0500
2026-07-05 16:30:21,364 - Validation Results [CADD_DCCNN] - Epoch: 11 acc: 0.5750 loss: 1.0752
2026-07-05 16:30:22,019 - Validation Results [CADD_DCCNN] - Epoch: 12 acc: 0.7000 loss: 1.0348
2026-07-05 16:30:22,694 - Validation Results [CADD_DCCNN] - Epoch: 13 acc: 0.7000 loss: 0.9890
2026-07-05 16:30:23,348 - Validation Results [CADD_DCCNN] - Epoch: 14 acc: 0.6750 loss: 0.9893
2026-07-05 16:30:23,970 - Validation Results [CADD_DCCNN] - Epoch: 15 acc: 0.7250 loss: 0.9913
2026-07-05 16:30:24,594 - Validation Results [CADD_DCCNN] - Epoch: 16 acc: 0.6750 loss: 1.0175
2026-07-05 16:30:25,245 - Validation Results [CADD_DCCNN] - Epoch: 17 acc: 0.6500 loss: 1.0181
2026-07-05 16:30:25,860 - Validation Results [CADD_DCCNN] - Epoch: 18 acc: 0.6500 loss: 1.0110
2026-07-05 16:30:26,484 - Validation Results [CADD_DCCNN] - Epoch: 19 acc: 0.6500 loss: 1.0239
2026-07-05 16:30:27,102 - Validation Results [CADD_DCCNN] - Epoch: 20 acc: 0.6750 loss: 1.0052
2026-07-05 16:30:27,685 - Validation Results [CADD_DCCNN] - Epoch: 21 acc: 0.6500 loss: 1.0168
2026-07-05 16:30:28,187 - Validation Results [CADD_DCCNN] - Epoch: 22 acc: 0.6250 loss: 1.0273
2026-07-05 16:30:28,752 - Validation Results [CADD_DCCNN] - Epoch: 23 acc: 0.6500 loss: 0.9971
2026-07-05 16:30:29,291 - Validation Results [CADD_DCCNN] - Epoch: 24 acc: 0.6500 loss: 1.0216
2026-07-05 16:30:29,937 - Validation Results [CADD_DCCNN] - Epoch: 25 acc: 0.6500 loss: 1.0193
2026-07-05 16:30:30,648 - Validation Results [CADD_DCCNN] - Epoch: 26 acc: 0.7000 loss: 0.9792
2026-07-05 16:30:31,408 - Validation Results [CADD_DCCNN] - Epoch: 27 acc: 0.6750 loss: 0.9810
2026-07-05 16:30:32,019 - Validation Results [CADD_DCCNN] - Epoch: 28 acc: 0.7000 loss: 0.9777
2026-07-05 16:30:32,474 - Validation Results [CADD_DCCNN] - Epoch: 29 acc: 0.6750 loss: 0.9912
2026-07-05 16:30:32,829 - Validation Results [CADD_DCCNN] - Epoch: 30 acc: 0.6500 loss: 1.0046
2026-07-05 16:30:33,225 - Validation Results [CADD_DCCNN] - Epoch: 31 acc: 0.6750 loss: 0.9897
2026-07-05 16:30:33,849 - Validation Results [CADD_DCCNN] - Epoch: 32 acc: 0.6750 loss: 0.9925
2026-07-05 16:30:34,508 - Validation Results [CADD_DCCNN] - Epoch: 33 acc: 0.7000 loss: 0.9584
2026-07-05 16:30:35,054 - Validation Results [CADD_DCCNN] - Epoch: 34 acc: 0.6250 loss: 1.0118
2026-07-05 16:30:35,685 - Validation Results [CADD_DCCNN] - Epoch: 35 acc: 0.6750 loss: 0.9929
2026-07-05 16:30:36,317 - Validation Results [CADD_DCCNN] - Epoch: 36 acc: 0.6500 loss: 1.0153
2026-07-05 16:30:36,967 - Validation Results [CADD_DCCNN] - Epoch: 37 acc: 0.6500 loss: 0.9907
2026-07-05 16:30:37,604 - Validation Results [CADD_DCCNN] - Epoch: 38 acc: 0.6500 loss: 1.0101
2026-07-05 16:30:38,225 - Validation Results [CADD_DCCNN] - Epoch: 39 acc: 0.6250 loss: 1.0181
2026-07-05 16:30:38,239 - Saved model checkpoint: /home/lihanyue/home/workspace/emo-system/backend/seed/20260705_163013/model_best.pth (max_acc=0.7250)
2026-07-05 16:30:38,239 - training artifact saved: {'model_path': '/home/lihanyue/home/workspace/emo-system/backend/seed/20260705_163013/model_best.pth', 'meta_path': '/home/lihanyue/home/workspace/emo-system/backend/seed/20260705_163013/training_meta.json', 'save_path': '/home/lihanyue/home/workspace/emo-system/backend/seed/20260705_163013', 'max_acc': 0.725, 'model': 'CADD_DCCNN', 'feature_type': 'de_comp_4ch_1p5s'}
2026-07-05 16:30:38,627 - [CADD_DCCNN] max acc=0.725 std=7.916835695505142
2026-07-05 16:30:38,628 - [CADD_DCCNN] debug is done, acc= 0.7250 std= 7.9168
2026-07-05 16:30:38,647 - 该程序运行时间：25秒
