2026-07-05 16:31:06,436 - AGN 启动 | train_mode=debug | model=CCA_RMPG | feature=de_comp_4ch_1p5s | save_path=../backend/seed/20260705_163106
2026-07-05 16:31:06,446 - brainda加载SEED完成: {'loader': 'brainda_seed_feature_tensor_loader', 'brainda_available': True, 'brainda_message': 'metabci.brainda available', 'dataset': 'SEED', 'feature_type': 'de_comp_4ch_1p5s', 'data_file': 'seed/de_comp_4ch_1p5s/data.pt', 'label_file': 'seed/de_comp_4ch_1p5s/label.pt', 'data_shape': [15, 3, 15, 4, 176, 5], 'label_shape': [15, 3, 15], 'note': 'SEED has been preprocessed into 4-channel 1.5s DE tensors; brainda wraps the dataset loading boundary.'}
2026-07-05 16:31:07,114 - brainda LOSO划分完成: {'splitter': 'EnhancedLeaveOneGroupOut', 'brainda_api': 'metabci.brainda.algorithms.utils.model_selection.EnhancedLeaveOneGroupOut', 'strategy': 'LOSO', 'brainda_available': True, 'brainda_message': 'metabci.brainda imported', 'subject_count': 15, 'held_out_subject': 0, 'train_subjects': [1, 2, 3, 4, 5, 6, 7, 8, 9, 10, 11, 12, 13, 14], 'test_subjects': [0], 'note': 'LOSO subject indices are generated through brainda cross-validation API when available.'}
2026-07-05 16:31:07,274 - features length: 176, channels nums: 4
2026-07-05 16:31:08,209 - ===== 训练开始 | model=CCA_RMPG | feature=de_comp_4ch_1p5s | split=loso | epochs=50 | device=cuda:0 | save_path=../backend/seed/20260705_163106 =====
2026-07-05 16:31:08,209 - 训练超参详情: Namespace(epochs=50, batch_size=8, nclass=3, gpu=0, device='cuda:0', dropout=0.5, lr=0.0001, k=10, seed=3364, train_mode='debug', model='CCA_RMPG', save_tsne_cm=1, save_model=1, save_path='../backend/seed/20260705_163106', have_domain=False, bands=5, dataset='seed', feature_type='de_comp_4ch_1p5s', label_type='label', channels_num=4, feature_len=176, raw_len=300, session=0, loss2=0.0001, loss1=5e-06, split_method='loso', cur_sub_index=0, cur_session_index=0, cur_exp_index=0, clip_length=1, k_fold_nums=10, graph_out=128, attention_out=256, spp=True, num_levels=3, kadj=3, se_squeeze_ratio=4, graph_readout_dim=256, domain_class=15, adj_num=5, windows_num=12, tcn_hidden=30, tcn_layers=3, pooling_size=1, grl_alpha=1.0, rsr=1, k_ratio=6, loss_beta=1.0, eegmatch_use_std=0, eegmatch_hidden_1=128, eegmatch_hidden_2=256, config_path='global.config')
2026-07-05 16:31:10,007 - Validation Results [CCA_RMPG] - Epoch: 0 acc: 0.4000 loss: 3.2150
2026-07-05 16:31:10,902 - Validation Results [CCA_RMPG] - Epoch: 1 acc: 0.5000 loss: 2.7380
2026-07-05 16:31:11,977 - Validation Results [CCA_RMPG] - Epoch: 2 acc: 0.5750 loss: 2.9107
2026-07-05 16:31:12,917 - Validation Results [CCA_RMPG] - Epoch: 3 acc: 0.6000 loss: 2.6058
2026-07-05 16:31:13,854 - Validation Results [CCA_RMPG] - Epoch: 4 acc: 0.5000 loss: 3.3910
2026-07-05 16:31:14,738 - Validation Results [CCA_RMPG] - Epoch: 5 acc: 0.5750 loss: 2.9972
2026-07-05 16:31:15,637 - Validation Results [CCA_RMPG] - Epoch: 6 acc: 0.5250 loss: 3.1893
2026-07-05 16:31:16,811 - Validation Results [CCA_RMPG] - Epoch: 7 acc: 0.5750 loss: 3.2474
2026-07-05 16:31:17,706 - Validation Results [CCA_RMPG] - Epoch: 8 acc: 0.5500 loss: 3.3735
2026-07-05 16:31:18,656 - Validation Results [CCA_RMPG] - Epoch: 9 acc: 0.6000 loss: 3.0608
2026-07-05 16:31:19,567 - Validation Results [CCA_RMPG] - Epoch: 10 acc: 0.6250 loss: 3.1337
2026-07-05 16:31:20,483 - Validation Results [CCA_RMPG] - Epoch: 11 acc: 0.6250 loss: 2.9541
2026-07-05 16:31:21,588 - Validation Results [CCA_RMPG] - Epoch: 12 acc: 0.6500 loss: 2.7216
2026-07-05 16:31:22,516 - Validation Results [CCA_RMPG] - Epoch: 13 acc: 0.5750 loss: 3.2655
2026-07-05 16:31:23,458 - Validation Results [CCA_RMPG] - Epoch: 14 acc: 0.5500 loss: 3.3481
2026-07-05 16:31:24,315 - Validation Results [CCA_RMPG] - Epoch: 15 acc: 0.5750 loss: 3.1930
2026-07-05 16:31:25,217 - Validation Results [CCA_RMPG] - Epoch: 16 acc: 0.6500 loss: 2.6767
2026-07-05 16:31:26,165 - Validation Results [CCA_RMPG] - Epoch: 17 acc: 0.6500 loss: 2.9309
2026-07-05 16:31:27,062 - Validation Results [CCA_RMPG] - Epoch: 18 acc: 0.6000 loss: 3.1426
2026-07-05 16:31:27,972 - Validation Results [CCA_RMPG] - Epoch: 19 acc: 0.6250 loss: 3.0496
2026-07-05 16:31:28,869 - Validation Results [CCA_RMPG] - Epoch: 20 acc: 0.6000 loss: 3.0248
2026-07-05 16:31:29,796 - Validation Results [CCA_RMPG] - Epoch: 21 acc: 0.6250 loss: 2.8520
2026-07-05 16:31:30,700 - Validation Results [CCA_RMPG] - Epoch: 22 acc: 0.6000 loss: 3.0207
2026-07-05 16:31:31,580 - Validation Results [CCA_RMPG] - Epoch: 23 acc: 0.6000 loss: 3.1054
2026-07-05 16:31:32,487 - Validation Results [CCA_RMPG] - Epoch: 24 acc: 0.6250 loss: 2.9866
2026-07-05 16:31:33,385 - Validation Results [CCA_RMPG] - Epoch: 25 acc: 0.6250 loss: 3.0870
2026-07-05 16:31:34,265 - Validation Results [CCA_RMPG] - Epoch: 26 acc: 0.6500 loss: 2.7876
2026-07-05 16:31:35,152 - Validation Results [CCA_RMPG] - Epoch: 27 acc: 0.6500 loss: 2.6599
2026-07-05 16:31:36,210 - Validation Results [CCA_RMPG] - Epoch: 28 acc: 0.5750 loss: 3.3200
2026-07-05 16:31:37,437 - Validation Results [CCA_RMPG] - Epoch: 29 acc: 0.5750 loss: 3.2328
2026-07-05 16:31:38,608 - Validation Results [CCA_RMPG] - Epoch: 30 acc: 0.6250 loss: 2.9621
2026-07-05 16:31:39,797 - Validation Results [CCA_RMPG] - Epoch: 31 acc: 0.5500 loss: 3.2862
2026-07-05 16:31:40,712 - Validation Results [CCA_RMPG] - Epoch: 32 acc: 0.5750 loss: 3.2563
2026-07-05 16:31:41,628 - Validation Results [CCA_RMPG] - Epoch: 33 acc: 0.6250 loss: 3.0349
2026-07-05 16:31:42,523 - Validation Results [CCA_RMPG] - Epoch: 34 acc: 0.6000 loss: 2.8834
2026-07-05 16:31:43,524 - Validation Results [CCA_RMPG] - Epoch: 35 acc: 0.6000 loss: 2.9825
2026-07-05 16:31:44,466 - Validation Results [CCA_RMPG] - Epoch: 36 acc: 0.6250 loss: 2.9658
2026-07-05 16:31:45,385 - Validation Results [CCA_RMPG] - Epoch: 37 acc: 0.6000 loss: 2.9998
2026-07-05 16:31:46,366 - Validation Results [CCA_RMPG] - Epoch: 38 acc: 0.6000 loss: 3.1276
2026-07-05 16:31:47,284 - Validation Results [CCA_RMPG] - Epoch: 39 acc: 0.5750 loss: 3.0425
2026-07-05 16:31:48,349 - Validation Results [CCA_RMPG] - Epoch: 40 acc: 0.6750 loss: 2.5200
2026-07-05 16:31:49,259 - Validation Results [CCA_RMPG] - Epoch: 41 acc: 0.5750 loss: 3.2081
2026-07-05 16:31:50,201 - Validation Results [CCA_RMPG] - Epoch: 42 acc: 0.6000 loss: 3.0535
2026-07-05 16:31:51,213 - Validation Results [CCA_RMPG] - Epoch: 43 acc: 0.6250 loss: 2.7550
2026-07-05 16:31:52,192 - Validation Results [CCA_RMPG] - Epoch: 44 acc: 0.6000 loss: 3.0248
2026-07-05 16:31:53,138 - Validation Results [CCA_RMPG] - Epoch: 45 acc: 0.6000 loss: 3.2104
2026-07-05 16:31:54,141 - Validation Results [CCA_RMPG] - Epoch: 46 acc: 0.6250 loss: 2.9438
2026-07-05 16:31:55,384 - Validation Results [CCA_RMPG] - Epoch: 47 acc: 0.6250 loss: 3.0418
2026-07-05 16:31:56,414 - Validation Results [CCA_RMPG] - Epoch: 48 acc: 0.6000 loss: 3.0054
2026-07-05 16:31:57,338 - Validation Results [CCA_RMPG] - Epoch: 49 acc: 0.5750 loss: 3.1883
2026-07-05 16:31:57,354 - Saved model checkpoint: /home/lihanyue/home/workspace/emo-system/backend/seed/20260705_163106/model_best.pth (max_acc=0.6750)
2026-07-05 16:31:57,354 - training artifact saved: {'model_path': '/home/lihanyue/home/workspace/emo-system/backend/seed/20260705_163106/model_best.pth', 'meta_path': '/home/lihanyue/home/workspace/emo-system/backend/seed/20260705_163106/training_meta.json', 'save_path': '/home/lihanyue/home/workspace/emo-system/backend/seed/20260705_163106', 'max_acc': 0.675, 'model': 'CCA_RMPG', 'feature_type': 'de_comp_4ch_1p5s'}
2026-07-05 16:31:57,836 - [CCA_RMPG] max acc=0.675 std=4.609495401382446
2026-07-05 16:31:57,836 - [CCA_RMPG] debug is done, acc= 0.6750 std= 4.6095
2026-07-05 16:31:57,862 - 该程序运行时间：51秒
