2026-07-05 16:10:55,138 - AGN 启动 | train_mode=debug | model=CADD_DCCNN | feature=de_comp_4ch_1p5s | save_path=../backend/seed/20260705_161055
2026-07-05 16:10:55,147 - brainda加载SEED完成: {'loader': 'brainda_seed_feature_tensor_loader', 'brainda_available': True, 'brainda_message': 'metabci.brainda available', 'dataset': 'SEED', 'feature_type': 'de_comp_4ch_1p5s', 'data_file': 'seed/de_comp_4ch_1p5s/data.pt', 'label_file': 'seed/de_comp_4ch_1p5s/label.pt', 'data_shape': [15, 3, 15, 4, 176, 5], 'label_shape': [15, 3, 15], 'note': 'SEED has been preprocessed into 4-channel 1.5s DE tensors; brainda wraps the dataset loading boundary.'}
2026-07-05 16:10:55,863 - brainda LOSO划分完成: {'splitter': 'EnhancedLeaveOneGroupOut', 'brainda_api': 'metabci.brainda.algorithms.utils.model_selection.EnhancedLeaveOneGroupOut', 'strategy': 'LOSO', 'brainda_available': True, 'brainda_message': 'metabci.brainda imported', 'subject_count': 15, 'held_out_subject': 0, 'train_subjects': [1, 2, 3, 4, 5, 6, 7, 8, 9, 10, 11, 12, 13, 14], 'test_subjects': [0], 'note': 'LOSO subject indices are generated through brainda cross-validation API when available.'}
2026-07-05 16:10:55,908 - features length: 176, channels nums: 4
2026-07-05 16:10:56,870 - ===== 训练开始 | model=CADD_DCCNN | feature=de_comp_4ch_1p5s | split=loso | epochs=40 | device=cuda:0 | save_path=../backend/seed/20260705_161055 =====
2026-07-05 16:10:56,870 - 训练超参详情: Namespace(epochs=40, batch_size=8, nclass=3, gpu=0, device='cuda:0', dropout=0.5, lr=0.0005, k=10, seed=3364, train_mode='debug', model='CADD_DCCNN', save_tsne_cm=1, save_model=1, save_path='../backend/seed/20260705_161055', have_domain=False, bands=5, dataset='seed', feature_type='de_comp_4ch_1p5s', label_type='label', channels_num=4, feature_len=176, raw_len=300, session=0, loss2=0.0001, loss1=5e-06, split_method='loso', cur_sub_index=0, cur_session_index=0, cur_exp_index=0, clip_length=1, k_fold_nums=10, graph_out=128, attention_out=256, spp=True, num_levels=3, kadj=3, se_squeeze_ratio=4, graph_readout_dim=256, domain_class=15, adj_num=5, windows_num=12, tcn_hidden=30, tcn_layers=3, pooling_size=1, grl_alpha=1.0, rsr=1, k_ratio=6, loss_beta=1.0, eegmatch_use_std=0, eegmatch_hidden_1=128, eegmatch_hidden_2=256, config_path='global.config')
2026-07-05 16:10:58,026 - Validation Results [CADD_DCCNN] - Epoch: 0 acc: 0.3500 loss: 1.5707
2026-07-05 16:10:58,634 - Validation Results [CADD_DCCNN] - Epoch: 1 acc: 0.3500 loss: 1.3080
2026-07-05 16:10:59,189 - Validation Results [CADD_DCCNN] - Epoch: 2 acc: 0.4750 loss: 1.2164
2026-07-05 16:10:59,795 - Validation Results [CADD_DCCNN] - Epoch: 3 acc: 0.6000 loss: 1.1103
2026-07-05 16:11:00,360 - Validation Results [CADD_DCCNN] - Epoch: 4 acc: 0.6750 loss: 1.0416
2026-07-05 16:11:00,903 - Validation Results [CADD_DCCNN] - Epoch: 5 acc: 0.7250 loss: 1.0138
2026-07-05 16:11:01,486 - Validation Results [CADD_DCCNN] - Epoch: 6 acc: 0.6250 loss: 1.0938
2026-07-05 16:11:02,143 - Validation Results [CADD_DCCNN] - Epoch: 7 acc: 0.7250 loss: 1.0236
2026-07-05 16:11:02,783 - Validation Results [CADD_DCCNN] - Epoch: 8 acc: 0.6750 loss: 1.0419
2026-07-05 16:11:03,381 - Validation Results [CADD_DCCNN] - Epoch: 9 acc: 0.6500 loss: 1.0626
2026-07-05 16:11:04,018 - Validation Results [CADD_DCCNN] - Epoch: 10 acc: 0.6500 loss: 1.0458
2026-07-05 16:11:04,650 - Validation Results [CADD_DCCNN] - Epoch: 11 acc: 0.6750 loss: 1.0148
2026-07-05 16:11:05,315 - Validation Results [CADD_DCCNN] - Epoch: 12 acc: 0.7250 loss: 0.9931
2026-07-05 16:11:05,908 - Validation Results [CADD_DCCNN] - Epoch: 13 acc: 0.7500 loss: 0.9814
2026-07-05 16:11:06,408 - Validation Results [CADD_DCCNN] - Epoch: 14 acc: 0.7250 loss: 0.9722
2026-07-05 16:11:06,792 - Validation Results [CADD_DCCNN] - Epoch: 15 acc: 0.7250 loss: 0.9772
2026-07-05 16:11:07,180 - Validation Results [CADD_DCCNN] - Epoch: 16 acc: 0.7250 loss: 0.9916
2026-07-05 16:11:07,731 - Validation Results [CADD_DCCNN] - Epoch: 17 acc: 0.7000 loss: 0.9930
2026-07-05 16:11:08,361 - Validation Results [CADD_DCCNN] - Epoch: 18 acc: 0.7250 loss: 0.9803
2026-07-05 16:11:08,904 - Validation Results [CADD_DCCNN] - Epoch: 19 acc: 0.7000 loss: 0.9962
2026-07-05 16:11:09,494 - Validation Results [CADD_DCCNN] - Epoch: 20 acc: 0.7000 loss: 0.9852
2026-07-05 16:11:10,035 - Validation Results [CADD_DCCNN] - Epoch: 21 acc: 0.7000 loss: 0.9866
2026-07-05 16:11:10,699 - Validation Results [CADD_DCCNN] - Epoch: 22 acc: 0.6750 loss: 0.9953
2026-07-05 16:11:11,372 - Validation Results [CADD_DCCNN] - Epoch: 23 acc: 0.7250 loss: 0.9673
2026-07-05 16:11:12,048 - Validation Results [CADD_DCCNN] - Epoch: 24 acc: 0.6750 loss: 0.9938
2026-07-05 16:11:12,764 - Validation Results [CADD_DCCNN] - Epoch: 25 acc: 0.6750 loss: 0.9905
2026-07-05 16:11:13,488 - Validation Results [CADD_DCCNN] - Epoch: 26 acc: 0.7500 loss: 0.9334
2026-07-05 16:11:14,300 - Validation Results [CADD_DCCNN] - Epoch: 27 acc: 0.7000 loss: 0.9702
2026-07-05 16:11:14,997 - Validation Results [CADD_DCCNN] - Epoch: 28 acc: 0.7250 loss: 0.9660
2026-07-05 16:11:15,732 - Validation Results [CADD_DCCNN] - Epoch: 29 acc: 0.6750 loss: 0.9961
2026-07-05 16:11:16,448 - Validation Results [CADD_DCCNN] - Epoch: 30 acc: 0.7000 loss: 0.9703
2026-07-05 16:11:17,127 - Validation Results [CADD_DCCNN] - Epoch: 31 acc: 0.7000 loss: 0.9712
2026-07-05 16:11:17,754 - Validation Results [CADD_DCCNN] - Epoch: 32 acc: 0.7250 loss: 0.9596
2026-07-05 16:11:18,398 - Validation Results [CADD_DCCNN] - Epoch: 33 acc: 0.7250 loss: 0.9462
2026-07-05 16:11:19,102 - Validation Results [CADD_DCCNN] - Epoch: 34 acc: 0.7000 loss: 0.9709
2026-07-05 16:11:19,816 - Validation Results [CADD_DCCNN] - Epoch: 35 acc: 0.7250 loss: 0.9579
2026-07-05 16:11:20,475 - Validation Results [CADD_DCCNN] - Epoch: 36 acc: 0.7000 loss: 0.9777
2026-07-05 16:11:21,107 - Validation Results [CADD_DCCNN] - Epoch: 37 acc: 0.7250 loss: 0.9544
2026-07-05 16:11:21,814 - Validation Results [CADD_DCCNN] - Epoch: 38 acc: 0.7000 loss: 0.9726
2026-07-05 16:11:22,540 - Validation Results [CADD_DCCNN] - Epoch: 39 acc: 0.6750 loss: 0.9931
2026-07-05 16:11:22,556 - Saved model checkpoint: /home/lihanyue/home/workspace/emo-system/backend/seed/20260705_161055/model_best.pth (max_acc=0.7500)
2026-07-05 16:11:22,556 - training artifact saved: {'model_path': '/home/lihanyue/home/workspace/emo-system/backend/seed/20260705_161055/model_best.pth', 'meta_path': '/home/lihanyue/home/workspace/emo-system/backend/seed/20260705_161055/training_meta.json', 'save_path': '/home/lihanyue/home/workspace/emo-system/backend/seed/20260705_161055', 'max_acc': 0.75, 'model': 'CADD_DCCNN', 'feature_type': 'de_comp_4ch_1p5s'}
2026-07-05 16:11:22,955 - [CADD_DCCNN] max acc=0.75 std=8.924317359924316
2026-07-05 16:11:22,955 - [CADD_DCCNN] debug is done, acc= 0.7500 std= 8.9243
2026-07-05 16:11:22,979 - 该程序运行时间：28秒
