2026-07-05 16:04:08,932 - AGN 启动 | train_mode=debug | model=CCA_RMPG | feature=de_comp_4ch_1p5s | save_path=../backend/seed/20260705_160408
2026-07-05 16:04:08,943 - brainda加载SEED完成: {'loader': 'brainda_seed_feature_tensor_loader', 'brainda_available': True, 'brainda_message': 'metabci.brainda available', 'dataset': 'SEED', 'feature_type': 'de_comp_4ch_1p5s', 'data_file': 'seed/de_comp_4ch_1p5s/data.pt', 'label_file': 'seed/de_comp_4ch_1p5s/label.pt', 'data_shape': [15, 3, 15, 4, 176, 5], 'label_shape': [15, 3, 15], 'note': 'SEED has been preprocessed into 4-channel 1.5s DE tensors; brainda wraps the dataset loading boundary.'}
2026-07-05 16:04:09,667 - brainda LOSO划分完成: {'splitter': 'EnhancedLeaveOneGroupOut', 'brainda_api': 'metabci.brainda.algorithms.utils.model_selection.EnhancedLeaveOneGroupOut', 'strategy': 'LOSO', 'brainda_available': True, 'brainda_message': 'metabci.brainda imported', 'subject_count': 15, 'held_out_subject': 0, 'train_subjects': [1, 2, 3, 4, 5, 6, 7, 8, 9, 10, 11, 12, 13, 14], 'test_subjects': [0], 'note': 'LOSO subject indices are generated through brainda cross-validation API when available.'}
2026-07-05 16:04:09,706 - features length: 176, channels nums: 4
2026-07-05 16:04:11,096 - ===== 训练开始 | model=CCA_RMPG | feature=de_comp_4ch_1p5s | split=loso | epochs=50 | device=cuda:0 | save_path=../backend/seed/20260705_160408 =====
2026-07-05 16:04:11,096 - 训练超参详情: Namespace(epochs=50, batch_size=8, nclass=3, gpu=0, device='cuda:0', dropout=0.5, lr=0.0001, k=10, seed=3364, train_mode='debug', model='CCA_RMPG', save_tsne_cm=1, save_model=1, save_path='../backend/seed/20260705_160408', have_domain=False, bands=5, dataset='seed', feature_type='de_comp_4ch_1p5s', label_type='label', channels_num=4, feature_len=176, raw_len=300, session=0, loss2=0.0001, loss1=5e-06, split_method='loso', cur_sub_index=0, cur_session_index=0, cur_exp_index=0, clip_length=1, k_fold_nums=10, graph_out=128, attention_out=256, spp=True, num_levels=3, kadj=3, se_squeeze_ratio=4, graph_readout_dim=256, domain_class=15, adj_num=5, windows_num=12, tcn_hidden=30, tcn_layers=3, pooling_size=1, grl_alpha=1.0, rsr=1, k_ratio=6, loss_beta=1.0, eegmatch_use_std=0, eegmatch_hidden_1=128, eegmatch_hidden_2=256, config_path='global.config')
2026-07-05 16:04:12,625 - Validation Results [CCA_RMPG] - Epoch: 0 acc: 0.4250 loss: 3.2115
2026-07-05 16:04:13,578 - Validation Results [CCA_RMPG] - Epoch: 1 acc: 0.4750 loss: 2.7829
2026-07-05 16:04:14,535 - Validation Results [CCA_RMPG] - Epoch: 2 acc: 0.5750 loss: 2.8652
2026-07-05 16:04:15,503 - Validation Results [CCA_RMPG] - Epoch: 3 acc: 0.6000 loss: 2.5710
2026-07-05 16:04:16,455 - Validation Results [CCA_RMPG] - Epoch: 4 acc: 0.4500 loss: 3.4232
2026-07-05 16:04:17,423 - Validation Results [CCA_RMPG] - Epoch: 5 acc: 0.5750 loss: 3.0405
2026-07-05 16:04:18,342 - Validation Results [CCA_RMPG] - Epoch: 6 acc: 0.5250 loss: 3.1205
2026-07-05 16:04:19,286 - Validation Results [CCA_RMPG] - Epoch: 7 acc: 0.5750 loss: 3.2828
2026-07-05 16:04:20,205 - Validation Results [CCA_RMPG] - Epoch: 8 acc: 0.5500 loss: 3.3896
2026-07-05 16:04:21,142 - Validation Results [CCA_RMPG] - Epoch: 9 acc: 0.6000 loss: 3.0462
2026-07-05 16:04:22,154 - Validation Results [CCA_RMPG] - Epoch: 10 acc: 0.6250 loss: 3.1271
2026-07-05 16:04:23,104 - Validation Results [CCA_RMPG] - Epoch: 11 acc: 0.6250 loss: 2.9540
2026-07-05 16:04:24,048 - Validation Results [CCA_RMPG] - Epoch: 12 acc: 0.6500 loss: 2.7123
2026-07-05 16:04:25,012 - Validation Results [CCA_RMPG] - Epoch: 13 acc: 0.5750 loss: 3.2553
2026-07-05 16:04:25,958 - Validation Results [CCA_RMPG] - Epoch: 14 acc: 0.5500 loss: 3.3357
2026-07-05 16:04:26,889 - Validation Results [CCA_RMPG] - Epoch: 15 acc: 0.5750 loss: 3.1747
2026-07-05 16:04:27,862 - Validation Results [CCA_RMPG] - Epoch: 16 acc: 0.6500 loss: 2.6674
2026-07-05 16:04:28,803 - Validation Results [CCA_RMPG] - Epoch: 17 acc: 0.6500 loss: 2.9096
2026-07-05 16:04:29,750 - Validation Results [CCA_RMPG] - Epoch: 18 acc: 0.6000 loss: 3.1242
2026-07-05 16:04:30,691 - Validation Results [CCA_RMPG] - Epoch: 19 acc: 0.6000 loss: 3.0265
2026-07-05 16:04:31,654 - Validation Results [CCA_RMPG] - Epoch: 20 acc: 0.6000 loss: 3.0024
2026-07-05 16:04:32,616 - Validation Results [CCA_RMPG] - Epoch: 21 acc: 0.6250 loss: 2.8329
2026-07-05 16:04:33,552 - Validation Results [CCA_RMPG] - Epoch: 22 acc: 0.6000 loss: 2.9940
2026-07-05 16:04:34,499 - Validation Results [CCA_RMPG] - Epoch: 23 acc: 0.6000 loss: 3.0814
2026-07-05 16:04:35,441 - Validation Results [CCA_RMPG] - Epoch: 24 acc: 0.6250 loss: 2.9660
2026-07-05 16:04:36,414 - Validation Results [CCA_RMPG] - Epoch: 25 acc: 0.6250 loss: 3.0650
2026-07-05 16:04:37,365 - Validation Results [CCA_RMPG] - Epoch: 26 acc: 0.6250 loss: 2.7660
2026-07-05 16:04:38,300 - Validation Results [CCA_RMPG] - Epoch: 27 acc: 0.6500 loss: 2.6422
2026-07-05 16:04:39,243 - Validation Results [CCA_RMPG] - Epoch: 28 acc: 0.5500 loss: 3.2965
2026-07-05 16:04:40,186 - Validation Results [CCA_RMPG] - Epoch: 29 acc: 0.5750 loss: 3.2076
2026-07-05 16:04:41,098 - Validation Results [CCA_RMPG] - Epoch: 30 acc: 0.6000 loss: 2.9360
2026-07-05 16:04:42,024 - Validation Results [CCA_RMPG] - Epoch: 31 acc: 0.5500 loss: 3.2619
2026-07-05 16:04:42,977 - Validation Results [CCA_RMPG] - Epoch: 32 acc: 0.5750 loss: 3.2345
2026-07-05 16:04:43,946 - Validation Results [CCA_RMPG] - Epoch: 33 acc: 0.6250 loss: 3.0114
2026-07-05 16:04:44,890 - Validation Results [CCA_RMPG] - Epoch: 34 acc: 0.6000 loss: 2.8606
2026-07-05 16:04:45,965 - Validation Results [CCA_RMPG] - Epoch: 35 acc: 0.6000 loss: 2.9551
2026-07-05 16:04:46,923 - Validation Results [CCA_RMPG] - Epoch: 36 acc: 0.6250 loss: 2.9490
2026-07-05 16:04:47,871 - Validation Results [CCA_RMPG] - Epoch: 37 acc: 0.6000 loss: 2.9743
2026-07-05 16:04:48,882 - Validation Results [CCA_RMPG] - Epoch: 38 acc: 0.6000 loss: 3.0994
2026-07-05 16:04:49,827 - Validation Results [CCA_RMPG] - Epoch: 39 acc: 0.5750 loss: 3.0229
2026-07-05 16:04:50,757 - Validation Results [CCA_RMPG] - Epoch: 40 acc: 0.6750 loss: 2.5025
2026-07-05 16:04:51,721 - Validation Results [CCA_RMPG] - Epoch: 41 acc: 0.5750 loss: 3.1838
2026-07-05 16:04:52,668 - Validation Results [CCA_RMPG] - Epoch: 42 acc: 0.6000 loss: 3.0272
2026-07-05 16:04:53,614 - Validation Results [CCA_RMPG] - Epoch: 43 acc: 0.6250 loss: 2.7426
2026-07-05 16:04:54,560 - Validation Results [CCA_RMPG] - Epoch: 44 acc: 0.6000 loss: 2.9930
2026-07-05 16:04:55,490 - Validation Results [CCA_RMPG] - Epoch: 45 acc: 0.6000 loss: 3.1847
2026-07-05 16:04:56,418 - Validation Results [CCA_RMPG] - Epoch: 46 acc: 0.6000 loss: 2.9156
2026-07-05 16:04:57,388 - Validation Results [CCA_RMPG] - Epoch: 47 acc: 0.6250 loss: 3.0111
2026-07-05 16:04:58,328 - Validation Results [CCA_RMPG] - Epoch: 48 acc: 0.6000 loss: 2.9817
2026-07-05 16:04:59,286 - Validation Results [CCA_RMPG] - Epoch: 49 acc: 0.5750 loss: 3.1580
2026-07-05 16:04:59,308 - Saved model checkpoint: /home/lihanyue/home/workspace/emo-system/backend/seed/20260705_160408/model_best.pth (max_acc=0.6750)
2026-07-05 16:04:59,309 - training artifact saved: {'model_path': '/home/lihanyue/home/workspace/emo-system/backend/seed/20260705_160408/model_best.pth', 'meta_path': '/home/lihanyue/home/workspace/emo-system/backend/seed/20260705_160408/training_meta.json', 'save_path': '/home/lihanyue/home/workspace/emo-system/backend/seed/20260705_160408', 'max_acc': 0.675, 'model': 'CCA_RMPG', 'feature_type': 'de_comp_4ch_1p5s'}
2026-07-05 16:04:59,808 - [CCA_RMPG] max acc=0.675 std=4.7045353800058365
2026-07-05 16:04:59,808 - [CCA_RMPG] debug is done, acc= 0.6750 std= 4.7045
2026-07-05 16:04:59,835 - 该程序运行时间：51秒
