2026-07-05 16:16:21,923 - AGN 启动 | train_mode=debug | model=ATGRNet | feature=de_comp_4ch_1p5s | save_path=../backend/seed/20260705_161621
2026-07-05 16:16:21,943 - brainda加载SEED完成: {'loader': 'brainda_seed_feature_tensor_loader', 'brainda_available': True, 'brainda_message': 'metabci.brainda available', 'dataset': 'SEED', 'feature_type': 'de_comp_4ch_1p5s', 'data_file': 'seed/de_comp_4ch_1p5s/data.pt', 'label_file': 'seed/de_comp_4ch_1p5s/label.pt', 'data_shape': [15, 3, 15, 4, 176, 5], 'label_shape': [15, 3, 15], 'note': 'SEED has been preprocessed into 4-channel 1.5s DE tensors; brainda wraps the dataset loading boundary.'}
2026-07-05 16:16:22,616 - brainda LOSO划分完成: {'splitter': 'EnhancedLeaveOneGroupOut', 'brainda_api': 'metabci.brainda.algorithms.utils.model_selection.EnhancedLeaveOneGroupOut', 'strategy': 'LOSO', 'brainda_available': True, 'brainda_message': 'metabci.brainda imported', 'subject_count': 15, 'held_out_subject': 0, 'train_subjects': [1, 2, 3, 4, 5, 6, 7, 8, 9, 10, 11, 12, 13, 14], 'test_subjects': [0], 'note': 'LOSO subject indices are generated through brainda cross-validation API when available.'}
2026-07-05 16:16:22,691 - features length: 176, channels nums: 4
2026-07-05 16:16:32,406 - ===== 训练开始 | model=ATGRNet | feature=de_comp_4ch_1p5s | split=loso | epochs=20 | device=cuda:0 | save_path=../backend/seed/20260705_161621 =====
2026-07-05 16:16:32,406 - 训练超参详情: Namespace(epochs=20, batch_size=16, nclass=3, gpu=0, device='cuda:0', dropout=0.5, lr=0.0015, k=10, seed=3364, train_mode='debug', model='ATGRNet', save_tsne_cm=0, save_model=1, save_path='../backend/seed/20260705_161621', have_domain=False, bands=5, dataset='seed', feature_type='de_comp_4ch_1p5s', label_type='label', channels_num=4, feature_len=176, raw_len=300, session=0, loss2=0.0001, loss1=5e-06, split_method='loso', cur_sub_index=0, cur_session_index=0, cur_exp_index=0, clip_length=1, k_fold_nums=10, graph_out=128, attention_out=256, spp=True, num_levels=3, kadj=3, se_squeeze_ratio=4, graph_readout_dim=256, domain_class=15, adj_num=5, windows_num=12, tcn_hidden=30, tcn_layers=3, pooling_size=1, grl_alpha=1.0, rsr=1, k_ratio=6, loss_beta=1.0, eegmatch_use_std=0, eegmatch_hidden_1=128, eegmatch_hidden_2=256, config_path='global.config')
2026-07-05 16:16:46,366 - Validation Results [ATGRNet] - Epoch: 0 acc: 0.6562 loss: 0.9024
2026-07-05 16:17:02,749 - Validation Results [ATGRNet] - Epoch: 1 acc: 0.6250 loss: 0.8205
2026-07-05 16:17:17,815 - Validation Results [ATGRNet] - Epoch: 2 acc: 0.6562 loss: 0.6083
2026-07-05 16:17:32,844 - Validation Results [ATGRNet] - Epoch: 3 acc: 0.8125 loss: 0.5372
2026-07-05 16:17:48,122 - Validation Results [ATGRNet] - Epoch: 4 acc: 0.6875 loss: 1.2816
2026-07-05 16:18:00,581 - Validation Results [ATGRNet] - Epoch: 5 acc: 0.7188 loss: 1.6718
2026-07-05 16:18:13,085 - Validation Results [ATGRNet] - Epoch: 6 acc: 0.5938 loss: 2.2633
2026-07-05 16:18:25,944 - Validation Results [ATGRNet] - Epoch: 7 acc: 0.6875 loss: 1.0127
2026-07-05 16:18:38,968 - Validation Results [ATGRNet] - Epoch: 8 acc: 0.6562 loss: 0.6394
2026-07-05 16:18:51,984 - Validation Results [ATGRNet] - Epoch: 9 acc: 0.7500 loss: 0.5947
2026-07-05 16:19:06,147 - Validation Results [ATGRNet] - Epoch: 10 acc: 0.7500 loss: 0.5939
2026-07-05 16:19:21,508 - Validation Results [ATGRNet] - Epoch: 11 acc: 0.6875 loss: 0.8484
2026-07-05 16:19:35,916 - Validation Results [ATGRNet] - Epoch: 12 acc: 0.7500 loss: 0.3909
2026-07-05 16:19:49,631 - Validation Results [ATGRNet] - Epoch: 13 acc: 0.7188 loss: 0.8800
2026-07-05 16:20:04,093 - Validation Results [ATGRNet] - Epoch: 14 acc: 0.6875 loss: 1.2118
2026-07-05 16:20:15,801 - Validation Results [ATGRNet] - Epoch: 15 acc: 0.7812 loss: 0.6380
2026-07-05 16:20:25,000 - Validation Results [ATGRNet] - Epoch: 16 acc: 0.7188 loss: 0.6246
2026-07-05 16:20:39,107 - Validation Results [ATGRNet] - Epoch: 17 acc: 0.6875 loss: 1.1266
2026-07-05 16:20:53,522 - Validation Results [ATGRNet] - Epoch: 18 acc: 0.7188 loss: 0.8104
2026-07-05 16:21:04,763 - Validation Results [ATGRNet] - Epoch: 19 acc: 0.6875 loss: 0.6339
2026-07-05 16:21:04,797 - Saved model checkpoint: /home/lihanyue/home/workspace/emo-system/backend/seed/20260705_161621/model_best.pth (max_acc=0.8125)
2026-07-05 16:21:04,797 - training artifact saved: {'model_path': '/home/lihanyue/home/workspace/emo-system/backend/seed/20260705_161621/model_best.pth', 'meta_path': '/home/lihanyue/home/workspace/emo-system/backend/seed/20260705_161621/training_meta.json', 'save_path': '/home/lihanyue/home/workspace/emo-system/backend/seed/20260705_161621', 'max_acc': 0.8125, 'model': 'ATGRNet', 'feature_type': 'de_comp_4ch_1p5s'}
2026-07-05 16:21:04,797 - [ATGRNet] max acc=0.8125 std=5.216824263334274
2026-07-05 16:21:04,798 - [ATGRNet] debug is done, acc= 0.8125 std= 5.2168
2026-07-05 16:21:04,803 - 该程序运行时间：4分43秒
